#
# There is insufficient memory for the Java Runtime Environment to continue.
# Native memory allocation (malloc) failed to allocate 912176 bytes. Error detail: Chunk::new
# Possible reasons:
#   The system is out of physical RAM or swap space
#   This process is running with CompressedOops enabled, and the Java Heap may be blocking the growth of the native heap
# Possible solutions:
#   Reduce memory load on the system
#   Increase physical memory or swap space
#   Check if swap backing store is full
#   Decrease Java heap size (-Xmx/-Xms)
#   Decrease number of Java threads
#   Decrease Java thread stack sizes (-Xss)
#   Set larger code cache with -XX:ReservedCodeCacheSize=
#   JVM is running with Zero Based Compressed Oops mode in which the Java heap is
#     placed in the first 32GB address space. The Java Heap base address is the
#     maximum limit for the native heap growth. Please use -XX:HeapBaseMinAddress
#     to set the Java Heap base and to place the Java Heap above 32GB virtual address.
# This output file may be truncated or incomplete.
#
#  Out of Memory Error (arena.cpp:191), pid=23264, tid=28876
#
# JRE version: OpenJDK Runtime Environment (17.0.11) (build 17.0.11+0--11852314)
# Java VM: OpenJDK 64-Bit Server VM (17.0.11+0--11852314, mixed mode, tiered, compressed oops, compressed class ptrs, g1 gc, windows-amd64)
# No core dump will be written. Minidumps are not enabled by default on client versions of Windows
#

---------------  S U M M A R Y ------------

Command Line: -XX:MaxHeapFreeRatio=20 -XX:MinHeapFreeRatio=10 --add-opens=java.base/java.util=ALL-UNNAMED --add-opens=java.base/java.lang=ALL-UNNAMED --add-opens=java.base/java.lang.invoke=ALL-UNNAMED --add-opens=java.prefs/java.util.prefs=ALL-UNNAMED --add-opens=java.base/java.nio.charset=ALL-UNNAMED --add-opens=java.base/java.net=ALL-UNNAMED --add-opens=java.base/java.util.concurrent.atomic=ALL-UNNAMED -Xmx4g -Dfile.encoding=UTF-8 -Duser.country=US -Duser.language=en -Duser.variant -javaagent:C:\Users\HP\.gradle\wrapper\dists\gradle-8.7-bin\bhs2wmbdwecv87pi65oeuq5iu\gradle-8.7\lib\agents\gradle-instrumentation-agent-8.7.jar org.gradle.launcher.daemon.bootstrap.GradleDaemon 8.7

Host: 11th Gen Intel(R) Core(TM) i7-1165G7 @ 2.80GHz, 8 cores, 7G,  Windows 11 , 64 bit Build 22621 (10.0.22621.4391)
Time: Wed Jan  8 22:57:56 2025 West Bank Gaza Standard Time elapsed time: 7.389531 seconds (0d 0h 0m 7s)

---------------  T H R E A D  ---------------

Current thread (0x0000019013af80c0):  JavaThread "C2 CompilerThread0" daemon [_thread_in_native, id=28876, stack(0x00000061ffc00000,0x00000061ffd00000)]


Current CompileTask:
C2:   7389 3616   !   4       jdk.internal.loader.BuiltinClassLoader::loadClassOrNull (143 bytes)

Stack: [0x00000061ffc00000,0x00000061ffd00000]
Native frames: (J=compiled Java code, j=interpreted, Vv=VM code, C=native code)
V  [jvm.dll+0x687bb9]
V  [jvm.dll+0x84142a]
V  [jvm.dll+0x8430ae]
V  [jvm.dll+0x843713]
V  [jvm.dll+0x24a35f]
V  [jvm.dll+0xac544]
V  [jvm.dll+0xacb8c]
V  [jvm.dll+0x369be2]
V  [jvm.dll+0x33416a]
V  [jvm.dll+0x33360a]
V  [jvm.dll+0x21bed1]
V  [jvm.dll+0x21b311]
V  [jvm.dll+0x1a63ed]
V  [jvm.dll+0x22b1ee]
V  [jvm.dll+0x229375]
V  [jvm.dll+0x7f5647]
V  [jvm.dll+0x7efa4a]
V  [jvm.dll+0x686a35]
C  [ucrtbase.dll+0x29333]
C  [KERNEL32.DLL+0x1259d]
C  [ntdll.dll+0x5af38]


---------------  P R O C E S S  ---------------

Threads class SMR info:
_java_thread_list=0x000001901ba38bb0, length=41, elements={
0x0000019074e4cad0, 0x0000019013ada430, 0x0000019013961f20, 0x0000019013ac2ac0,
0x0000019013ac3490, 0x0000019013ac3e50, 0x0000019013ac4810, 0x0000019013af80c0,
0x0000019013af9f90, 0x0000019013afde90, 0x0000019013905630, 0x0000019013d529f0,
0x00000190197c4ac0, 0x000001901948f040, 0x000001901951d040, 0x00000190196af890,
0x0000019019347c50, 0x0000019019391040, 0x000001901938f6f0, 0x0000019019391550,
0x000001901938ecd0, 0x000001901938f1e0, 0x0000019019390110, 0x000001901938e7c0,
0x0000019019390620, 0x000001901a1f0070, 0x000001901bafdad0, 0x000001901bafad40,
0x000001901bafa320, 0x000001901baf89d0, 0x000001901bafb250, 0x000001901baf93f0,
0x000001901bafd0b0, 0x000001901bafd5c0, 0x000001901bafb760, 0x000001901baf84c0,
0x000001901baf7fb0, 0x000001901bafbc70, 0x000001901bafc180, 0x000001901bafc690,
0x000001901baf6660
}

Java Threads: ( => current thread )
  0x0000019074e4cad0 JavaThread "main" [_thread_blocked, id=19332, stack(0x00000061fef00000,0x00000061ff000000)]
  0x0000019013ada430 JavaThread "Reference Handler" daemon [_thread_blocked, id=18232, stack(0x00000061ff600000,0x00000061ff700000)]
  0x0000019013961f20 JavaThread "Finalizer" daemon [_thread_blocked, id=29136, stack(0x00000061ff700000,0x00000061ff800000)]
  0x0000019013ac2ac0 JavaThread "Signal Dispatcher" daemon [_thread_blocked, id=30244, stack(0x00000061ff800000,0x00000061ff900000)]
  0x0000019013ac3490 JavaThread "Attach Listener" daemon [_thread_blocked, id=8484, stack(0x00000061ff900000,0x00000061ffa00000)]
  0x0000019013ac3e50 JavaThread "Service Thread" daemon [_thread_blocked, id=23744, stack(0x00000061ffa00000,0x00000061ffb00000)]
  0x0000019013ac4810 JavaThread "Monitor Deflation Thread" daemon [_thread_blocked, id=9160, stack(0x00000061ffb00000,0x00000061ffc00000)]
=>0x0000019013af80c0 JavaThread "C2 CompilerThread0" daemon [_thread_in_native, id=28876, stack(0x00000061ffc00000,0x00000061ffd00000)]
  0x0000019013af9f90 JavaThread "C1 CompilerThread0" daemon [_thread_in_native, id=25144, stack(0x00000061ffd00000,0x00000061ffe00000)]
  0x0000019013afde90 JavaThread "Sweeper thread" daemon [_thread_blocked, id=24240, stack(0x00000061ffe00000,0x00000061fff00000)]
  0x0000019013905630 JavaThread "Common-Cleaner" daemon [_thread_blocked, id=3092, stack(0x00000061fff00000,0x0000006200000000)]
  0x0000019013d529f0 JavaThread "Notification Thread" daemon [_thread_blocked, id=28988, stack(0x0000006180000000,0x0000006180100000)]
  0x00000190197c4ac0 JavaThread "Daemon health stats" [_thread_blocked, id=24836, stack(0x0000006180600000,0x0000006180700000)]
  0x000001901948f040 JavaThread "Incoming local TCP Connector on port 59999" [_thread_in_native, id=13852, stack(0x0000006180700000,0x0000006180800000)]
  0x000001901951d040 JavaThread "Daemon periodic checks" [_thread_blocked, id=22756, stack(0x0000006180800000,0x0000006180900000)]
  0x00000190196af890 JavaThread "Daemon" [_thread_blocked, id=19884, stack(0x0000006180900000,0x0000006180a00000)]
  0x0000019019347c50 JavaThread "Handler for socket connection from /127.0.0.1:59999 to /127.0.0.1:60000" [_thread_in_native, id=25732, stack(0x0000006180a00000,0x0000006180b00000)]
  0x0000019019391040 JavaThread "Cancel handler" [_thread_blocked, id=22540, stack(0x0000006180b00000,0x0000006180c00000)]
  0x000001901938f6f0 JavaThread "Daemon worker" [_thread_in_Java, id=9416, stack(0x0000006180c00000,0x0000006180d00000)]
  0x0000019019391550 JavaThread "Asynchronous log dispatcher for DefaultDaemonConnection: socket connection from /127.0.0.1:59999 to /127.0.0.1:60000" [_thread_blocked, id=7432, stack(0x0000006180d00000,0x0000006180e00000)]
  0x000001901938ecd0 JavaThread "Stdin handler" [_thread_blocked, id=12680, stack(0x0000006180e00000,0x0000006180f00000)]
  0x000001901938f1e0 JavaThread "Daemon client event forwarder" [_thread_blocked, id=28512, stack(0x0000006180f00000,0x0000006181000000)]
  0x0000019019390110 JavaThread "Cache worker for journal cache (C:\Users\HP\.gradle\caches\journal-1)" [_thread_blocked, id=29416, stack(0x0000006181400000,0x0000006181500000)]
  0x000001901938e7c0 JavaThread "File lock request listener" [_thread_in_native, id=18536, stack(0x0000006181500000,0x0000006181600000)]
  0x0000019019390620 JavaThread "Cache worker for file hash cache (C:\Users\HP\.gradle\caches\8.7\fileHashes)" [_thread_blocked, id=22368, stack(0x0000006181600000,0x0000006181700000)]
  0x000001901a1f0070 JavaThread "C2 CompilerThread1" daemon [_thread_in_native, id=8388, stack(0x0000006181700000,0x0000006181800000)]
  0x000001901bafdad0 JavaThread "Cache worker for file hash cache (C:\Users\HP\AndroidStudioProjects\Project1\.gradle\8.7\fileHashes)" [_thread_blocked, id=23312, stack(0x0000006181800000,0x0000006181900000)]
  0x000001901bafad40 JavaThread "File watcher server" daemon [_thread_in_native, id=29872, stack(0x0000006181900000,0x0000006181a00000)]
  0x000001901bafa320 JavaThread "File watcher consumer" daemon [_thread_blocked, id=30524, stack(0x0000006181a00000,0x0000006181b00000)]
  0x000001901baf89d0 JavaThread "jar transforms" [_thread_blocked, id=19592, stack(0x0000006181b00000,0x0000006181c00000)]
  0x000001901bafb250 JavaThread "jar transforms Thread 2" [_thread_blocked, id=10252, stack(0x0000006181c00000,0x0000006181d00000)]
  0x000001901baf93f0 JavaThread "jar transforms Thread 3" [_thread_blocked, id=21592, stack(0x0000006181d00000,0x0000006181e00000)]
  0x000001901bafd0b0 JavaThread "jar transforms Thread 4" [_thread_blocked, id=17756, stack(0x0000006181e00000,0x0000006181f00000)]
  0x000001901bafd5c0 JavaThread "jar transforms Thread 5" [_thread_blocked, id=7704, stack(0x0000006181f00000,0x0000006182000000)]
  0x000001901bafb760 JavaThread "jar transforms Thread 6" [_thread_blocked, id=28176, stack(0x0000006182000000,0x0000006182100000)]
  0x000001901baf84c0 JavaThread "jar transforms Thread 7" [_thread_blocked, id=28084, stack(0x0000006182100000,0x0000006182200000)]
  0x000001901baf7fb0 JavaThread "jar transforms Thread 8" [_thread_blocked, id=30528, stack(0x0000006182200000,0x0000006182300000)]
  0x000001901bafbc70 JavaThread "Cache worker for checksums cache (C:\Users\HP\AndroidStudioProjects\Project1\.gradle\8.7\checksums)" [_thread_blocked, id=30140, stack(0x0000006182300000,0x0000006182400000)]
  0x000001901bafc180 JavaThread "Cache worker for cache directory md-supplier (C:\Users\HP\.gradle\caches\8.7\md-supplier)" [_thread_blocked, id=26872, stack(0x0000006182400000,0x0000006182500000)]
  0x000001901bafc690 JavaThread "Cache worker for cache directory md-rule (C:\Users\HP\.gradle\caches\8.7\md-rule)" [_thread_blocked, id=26980, stack(0x0000006182500000,0x0000006182600000)]
  0x000001901baf6660 JavaThread "Cache worker for file content cache (C:\Users\HP\.gradle\caches\8.7\fileContent)" [_thread_blocked, id=28420, stack(0x0000006182700000,0x0000006182800000)]

Other Threads:
  0x0000019013921ac0 VMThread "VM Thread" [stack: 0x00000061ff500000,0x00000061ff600000] [id=9652]
  0x0000019013d36b20 WatcherThread [stack: 0x0000006180100000,0x0000006180200000] [id=24388]
  0x0000019074eba450 GCTaskThread "GC Thread#0" [stack: 0x00000061ff000000,0x00000061ff100000] [id=11656]
  0x00000190180ead60 GCTaskThread "GC Thread#1" [stack: 0x0000006180200000,0x0000006180300000] [id=5312]
  0x00000190185c8ff0 GCTaskThread "GC Thread#2" [stack: 0x0000006180300000,0x0000006180400000] [id=3088]
  0x00000190185c92b0 GCTaskThread "GC Thread#3" [stack: 0x0000006180400000,0x0000006180500000] [id=7116]
  0x0000019018b8bf50 GCTaskThread "GC Thread#4" [stack: 0x0000006180500000,0x0000006180600000] [id=10380]
  0x0000019018e526d0 GCTaskThread "GC Thread#5" [stack: 0x0000006181000000,0x0000006181100000] [id=15748]
  0x00000190194e6430 GCTaskThread "GC Thread#6" [stack: 0x0000006181100000,0x0000006181200000] [id=27140]
  0x000001901999d660 GCTaskThread "GC Thread#7" [stack: 0x0000006181200000,0x0000006181300000] [id=18304]
  0x0000019074ecbb40 ConcurrentGCThread "G1 Main Marker" [stack: 0x00000061ff100000,0x00000061ff200000] [id=13744]
  0x0000019074ecc560 ConcurrentGCThread "G1 Conc#0" [stack: 0x00000061ff200000,0x00000061ff300000] [id=23244]
  0x00000190197f5c30 ConcurrentGCThread "G1 Conc#1" [stack: 0x0000006181300000,0x0000006181400000] [id=29972]
  0x0000019074efe520 ConcurrentGCThread "G1 Refine#0" [stack: 0x00000061ff300000,0x00000061ff400000] [id=30376]
  0x0000019013d499d0 ConcurrentGCThread "G1 Refine#1" [stack: 0x0000006182600000,0x0000006182700000] [id=2840]
  0x00000190137cd140 ConcurrentGCThread "G1 Service" [stack: 0x00000061ff400000,0x00000061ff500000] [id=24088]

Threads with active compile tasks:
C2 CompilerThread0     7419 3616   !   4       jdk.internal.loader.BuiltinClassLoader::loadClassOrNull (143 bytes)
C1 CompilerThread0     7419 3802       3       jdk.internal.jimage.ImageLocation::getExtension (6 bytes)
C2 CompilerThread1     7419 3622       4       jdk.internal.loader.BuiltinClassLoader::findLoadedModule (33 bytes)

VM state: not at safepoint (normal execution)

VM Mutex/Monitor currently owned by a thread: None

Heap address: 0x0000000700000000, size: 4096 MB, Compressed Oops mode: Zero based, Oop shift amount: 3

CDS archive(s) not mapped
Compressed class space mapped at: 0x0000000800000000-0x0000000840000000, reserved size: 1073741824
Narrow klass base: 0x0000000800000000, Narrow klass shift: 0, Narrow klass range: 0x40000000

GC Precious Log:
 CPUs: 8 total, 8 available
 Memory: 7932M
 Large Page Support: Disabled
 NUMA Support: Disabled
 Compressed Oops: Enabled (Zero based)
 Heap Region Size: 2M
 Heap Min Capacity: 8M
 Heap Initial Capacity: 124M
 Heap Max Capacity: 4G
 Pre-touch: Disabled
 Parallel Workers: 8
 Concurrent Workers: 2
 Concurrent Refinement Workers: 8
 Periodic GC: Disabled

Heap:
 garbage-first heap   total 61440K, used 53077K [0x0000000700000000, 0x0000000800000000)
  region size 2048K, 6 young (12288K), 2 survivors (4096K)
 Metaspace       used 44634K, committed 44992K, reserved 1114112K
  class space    used 6027K, committed 6208K, reserved 1048576K

Heap Regions: E=young(eden), S=young(survivor), O=old, HS=humongous(starts), HC=humongous(continues), CS=collection set, F=free, OA=open archive, CA=closed archive, TAMS=top-at-mark-start (previous, next)
|   0|0x0000000700000000, 0x0000000700200000, 0x0000000700200000|100%|HS|  |TAMS 0x0000000700200000, 0x0000000700000000| Complete 
|   1|0x0000000700200000, 0x0000000700400000, 0x0000000700400000|100%|HC|  |TAMS 0x0000000700400000, 0x0000000700200000| Complete 
|   2|0x0000000700400000, 0x0000000700600000, 0x0000000700600000|100%| O|  |TAMS 0x0000000700600000, 0x0000000700400000| Untracked 
|   3|0x0000000700600000, 0x0000000700800000, 0x0000000700800000|100%| O|  |TAMS 0x0000000700800000, 0x0000000700600000| Untracked 
|   4|0x0000000700800000, 0x0000000700a00000, 0x0000000700a00000|100%| O|  |TAMS 0x0000000700a00000, 0x0000000700800000| Untracked 
|   5|0x0000000700a00000, 0x0000000700c00000, 0x0000000700c00000|100%| O|  |TAMS 0x0000000700c00000, 0x0000000700a00000| Untracked 
|   6|0x0000000700c00000, 0x0000000700e00000, 0x0000000700e00000|100%|HS|  |TAMS 0x0000000700e00000, 0x0000000700c00000| Complete 
|   7|0x0000000700e00000, 0x0000000701000000, 0x0000000701000000|100%|HC|  |TAMS 0x0000000701000000, 0x0000000700e00000| Complete 
|   8|0x0000000701000000, 0x0000000701200000, 0x0000000701200000|100%| O|  |TAMS 0x0000000701200000, 0x0000000701000000| Untracked 
|   9|0x0000000701200000, 0x0000000701400000, 0x0000000701400000|100%|HS|  |TAMS 0x0000000701400000, 0x0000000701200000| Complete 
|  10|0x0000000701400000, 0x0000000701600000, 0x0000000701600000|100%|HC|  |TAMS 0x0000000701600000, 0x0000000701400000| Complete 
|  11|0x0000000701600000, 0x0000000701800000, 0x0000000701800000|100%|HC|  |TAMS 0x0000000701800000, 0x0000000701600000| Complete 
|  12|0x0000000701800000, 0x0000000701a00000, 0x0000000701a00000|100%|HS|  |TAMS 0x0000000701a00000, 0x0000000701800000| Complete 
|  13|0x0000000701a00000, 0x0000000701c00000, 0x0000000701c00000|100%|HC|  |TAMS 0x0000000701c00000, 0x0000000701a00000| Complete 
|  14|0x0000000701c00000, 0x0000000701e00000, 0x0000000701e00000|100%| O|  |TAMS 0x0000000701e00000, 0x0000000701c00000| Untracked 
|  15|0x0000000701e00000, 0x0000000702000000, 0x0000000702000000|100%| O|  |TAMS 0x0000000702000000, 0x0000000701e00000| Untracked 
|  16|0x0000000702000000, 0x0000000702000000, 0x0000000702200000|  0%| F|  |TAMS 0x0000000702000000, 0x0000000702000000| Untracked 
|  17|0x0000000702200000, 0x0000000702200000, 0x0000000702400000|  0%| F|  |TAMS 0x0000000702200000, 0x0000000702200000| Untracked 
|  18|0x0000000702400000, 0x0000000702400000, 0x0000000702600000|  0%| F|  |TAMS 0x0000000702400000, 0x0000000702400000| Untracked 
|  19|0x0000000702600000, 0x00000007027eb000, 0x0000000702800000| 95%| O|  |TAMS 0x00000007027eb000, 0x0000000702600000| Untracked 
|  20|0x0000000702800000, 0x00000007028c4b98, 0x0000000702a00000| 38%| E|  |TAMS 0x0000000702800000, 0x0000000702800000| Complete 
|  21|0x0000000702a00000, 0x0000000702c00000, 0x0000000702c00000|100%| E|CS|TAMS 0x0000000702a00000, 0x0000000702a00000| Complete 
|  22|0x0000000702c00000, 0x0000000702dea498, 0x0000000702e00000| 95%| S|CS|TAMS 0x0000000702c00000, 0x0000000702c00000| Complete 
|  23|0x0000000702e00000, 0x0000000703000000, 0x0000000703000000|100%| E|CS|TAMS 0x0000000702e00000, 0x0000000702e00000| Complete 
|  24|0x0000000703000000, 0x0000000703200000, 0x0000000703200000|100%| S|CS|TAMS 0x0000000703000000, 0x0000000703000000| Complete 
|2043|0x00000007ff600000, 0x00000007ff800000, 0x00000007ff800000|100%| O|  |TAMS 0x00000007ff800000, 0x00000007ff600000| Untracked 
|2044|0x00000007ff800000, 0x00000007ffa00000, 0x00000007ffa00000|100%| E|CS|TAMS 0x00000007ff800000, 0x00000007ff800000| Complete 
|2045|0x00000007ffa00000, 0x00000007ffc00000, 0x00000007ffc00000|100%| O|  |TAMS 0x00000007ffc00000, 0x00000007ffa00000| Untracked 
|2046|0x00000007ffc00000, 0x00000007ffe00000, 0x00000007ffe00000|100%| O|  |TAMS 0x00000007ffe00000, 0x00000007ffc00000| Untracked 
|2047|0x00000007ffe00000, 0x0000000800000000, 0x0000000800000000|100%| O|  |TAMS 0x0000000800000000, 0x00000007ffe00000| Untracked 

Card table byte_map: [0x0000019078e60000,0x0000019079660000] _byte_map_base: 0x0000019075660000

Marking Bits (Prev, Next): (CMBitMap*) 0x0000019074ebaab0, (CMBitMap*) 0x0000019074ebaa70
 Prev Bits: [0x000001900f000000, 0x0000019013000000)
 Next Bits: [0x0000019079e60000, 0x000001907de60000)

Polling page: 0x0000019074600000

Metaspace:

Usage:
  Non-class:     37.70 MB used.
      Class:      5.89 MB used.
       Both:     43.59 MB used.

Virtual space:
  Non-class space:       64.00 MB reserved,      37.88 MB ( 59%) committed,  1 nodes.
      Class space:        1.00 GB reserved,       6.06 MB ( <1%) committed,  1 nodes.
             Both:        1.06 GB reserved,      43.94 MB (  4%) committed. 

Chunk freelists:
   Non-Class:  9.81 MB
       Class:  9.88 MB
        Both:  19.69 MB

MaxMetaspaceSize: unlimited
CompressedClassSpaceSize: 1.00 GB
Initial GC threshold: 21.00 MB
Current GC threshold: 72.44 MB
CDS: off
MetaspaceReclaimPolicy: balanced
 - commit_granule_bytes: 65536.
 - commit_granule_words: 8192.
 - virtual_space_node_default_size: 8388608.
 - enlarge_chunks_in_place: 1.
 - new_chunks_are_fully_committed: 0.
 - uncommit_free_chunks: 1.
 - use_allocation_guard: 0.
 - handle_deallocations: 1.


Internal statistics:

num_allocs_failed_limit: 6.
num_arena_births: 424.
num_arena_deaths: 0.
num_vsnodes_births: 2.
num_vsnodes_deaths: 0.
num_space_committed: 703.
num_space_uncommitted: 0.
num_chunks_returned_to_freelist: 6.
num_chunks_taken_from_freelist: 1788.
num_chunk_merges: 6.
num_chunk_splits: 1132.
num_chunks_enlarged: 764.
num_inconsistent_stats: 0.

CodeHeap 'non-profiled nmethods': size=120000Kb used=2117Kb max_used=2117Kb free=117882Kb
 bounds [0x0000019007ad0000, 0x0000019007d40000, 0x000001900f000000]
CodeHeap 'profiled nmethods': size=120000Kb used=7869Kb max_used=7869Kb free=112131Kb
 bounds [0x0000019000000000, 0x00000190007b0000, 0x0000019007530000]
CodeHeap 'non-nmethods': size=5760Kb used=1604Kb max_used=1626Kb free=4155Kb
 bounds [0x0000019007530000, 0x00000190077a0000, 0x0000019007ad0000]
 total_blobs=4445 nmethods=3785 adapters=571
 compilation: enabled
              stopped_count=0, restarted_count=0
 full_count=0

Compilation events (20 events):
Event: 7.381 Thread 0x0000019013af9f90 3728       3       jdk.nio.zipfs.ZipPath::getResolvedPath (42 bytes)
Event: 7.381 Thread 0x0000019013af9f90 nmethod 3728 0x000001900078cc90 code [0x000001900078ce60, 0x000001900078d248]
Event: 7.381 Thread 0x0000019013af9f90 3733       3       java.lang.String::join (52 bytes)
Event: 7.383 Thread 0x000001901a1f0070 nmethod 3663 0x0000019007cdc390 code [0x0000019007cdc500, 0x0000019007cdc7b8]
Event: 7.383 Thread 0x000001901a1f0070 3724       4       java.util.regex.Matcher::search (154 bytes)
Event: 7.384 Thread 0x0000019013af9f90 nmethod 3733 0x000001900078d390 code [0x000001900078d740, 0x000001900078f2d8]
Event: 7.384 Thread 0x0000019013af9f90 3727       3       jdk.nio.zipfs.ZipFileSystem$IndexNode::as (7 bytes)
Event: 7.384 Thread 0x0000019013af9f90 nmethod 3727 0x000001900078fe10 code [0x000001900078ffc0, 0x00000190007901c8]
Event: 7.384 Thread 0x0000019013af9f90 3729       3       jdk.nio.zipfs.ZipFileSystem::getInode (36 bytes)
Event: 7.385 Thread 0x0000019013af9f90 nmethod 3729 0x0000019000790290 code [0x00000190007904a0, 0x0000019000790ba8]
Event: 7.385 Thread 0x0000019013af9f90 3730       3       jdk.nio.zipfs.ZipFileSystem$IndexNode::keyOf (37 bytes)
Event: 7.385 Thread 0x0000019013af9f90 nmethod 3730 0x0000019000790e10 code [0x0000019000791020, 0x0000019000791778]
Event: 7.385 Thread 0x0000019013af9f90 3732       3       jdk.nio.zipfs.ZipPath::toString (12 bytes)
Event: 7.386 Thread 0x0000019013af9f90 nmethod 3732 0x0000019000791a10 code [0x0000019000791bc0, 0x0000019000791e28]
Event: 7.386 Thread 0x0000019013af9f90 3734       3       java.lang.invoke.MethodHandles$Lookup::findConstructor (61 bytes)
Event: 7.386 Thread 0x0000019013af9f90 nmethod 3734 0x0000019000791f90 code [0x0000019000792200, 0x0000019000792a38]
Event: 7.386 Thread 0x0000019013af9f90 3735       3       java.lang.invoke.MethodHandles$Lookup::getDirectConstructor (10 bytes)
Event: 7.387 Thread 0x0000019013af9f90 nmethod 3735 0x0000019000792d90 code [0x0000019000792f20, 0x0000019000793068]
Event: 7.387 Thread 0x0000019013af9f90 3737       3       java.lang.invoke.DirectMethodHandle$Constructor::viewAsType (49 bytes)
Event: 7.387 Thread 0x0000019013af9f90 nmethod 3737 0x0000019000793110 code [0x00000190007932c0, 0x00000190007934a8]

GC Heap History (20 events):
Event: 4.650 GC heap before
{Heap before GC invocations=8 (full 0):
 garbage-first heap   total 30720K, used 21539K [0x0000000700000000, 0x0000000800000000)
  region size 2048K, 2 young (4096K), 1 survivors (2048K)
 Metaspace       used 24120K, committed 24384K, reserved 1114112K
  class space    used 2940K, committed 3072K, reserved 1048576K
}
Event: 4.652 GC heap after
{Heap after GC invocations=9 (full 0):
 garbage-first heap   total 30720K, used 19539K [0x0000000700000000, 0x0000000800000000)
  region size 2048K, 1 young (2048K), 1 survivors (2048K)
 Metaspace       used 24120K, committed 24384K, reserved 1114112K
  class space    used 2940K, committed 3072K, reserved 1048576K
}
Event: 4.705 GC heap before
{Heap before GC invocations=9 (full 0):
 garbage-first heap   total 30720K, used 21587K [0x0000000700000000, 0x0000000800000000)
  region size 2048K, 2 young (4096K), 1 survivors (2048K)
 Metaspace       used 24549K, committed 24832K, reserved 1114112K
  class space    used 2997K, committed 3136K, reserved 1048576K
}
Event: 4.707 GC heap after
{Heap after GC invocations=10 (full 0):
 garbage-first heap   total 79872K, used 19594K [0x0000000700000000, 0x0000000800000000)
  region size 2048K, 1 young (2048K), 1 survivors (2048K)
 Metaspace       used 24549K, committed 24832K, reserved 1114112K
  class space    used 2997K, committed 3136K, reserved 1048576K
}
Event: 4.821 GC heap before
{Heap before GC invocations=11 (full 0):
 garbage-first heap   total 30720K, used 23690K [0x0000000700000000, 0x0000000800000000)
  region size 2048K, 4 young (8192K), 1 survivors (2048K)
 Metaspace       used 25504K, committed 25792K, reserved 1114112K
  class space    used 3180K, committed 3328K, reserved 1048576K
}
Event: 4.823 GC heap after
{Heap after GC invocations=12 (full 0):
 garbage-first heap   total 30720K, used 19873K [0x0000000700000000, 0x0000000800000000)
  region size 2048K, 1 young (2048K), 1 survivors (2048K)
 Metaspace       used 25504K, committed 25792K, reserved 1114112K
  class space    used 3180K, committed 3328K, reserved 1048576K
}
Event: 4.853 GC heap before
{Heap before GC invocations=12 (full 0):
 garbage-first heap   total 30720K, used 21921K [0x0000000700000000, 0x0000000800000000)
  region size 2048K, 2 young (4096K), 1 survivors (2048K)
 Metaspace       used 25834K, committed 26112K, reserved 1114112K
  class space    used 3241K, committed 3392K, reserved 1048576K
}
Event: 4.855 GC heap after
{Heap after GC invocations=13 (full 0):
 garbage-first heap   total 30720K, used 19896K [0x0000000700000000, 0x0000000800000000)
  region size 2048K, 1 young (2048K), 1 survivors (2048K)
 Metaspace       used 25834K, committed 26112K, reserved 1114112K
  class space    used 3241K, committed 3392K, reserved 1048576K
}
Event: 4.901 GC heap before
{Heap before GC invocations=13 (full 0):
 garbage-first heap   total 30720K, used 21944K [0x0000000700000000, 0x0000000800000000)
  region size 2048K, 2 young (4096K), 1 survivors (2048K)
 Metaspace       used 26184K, committed 26496K, reserved 1114112K
  class space    used 3304K, committed 3456K, reserved 1048576K
}
Event: 4.903 GC heap after
{Heap after GC invocations=14 (full 0):
 garbage-first heap   total 30720K, used 20031K [0x0000000700000000, 0x0000000800000000)
  region size 2048K, 1 young (2048K), 1 survivors (2048K)
 Metaspace       used 26184K, committed 26496K, reserved 1114112K
  class space    used 3304K, committed 3456K, reserved 1048576K
}
Event: 4.937 GC heap before
{Heap before GC invocations=15 (full 0):
 garbage-first heap   total 30720K, used 22079K [0x0000000700000000, 0x0000000800000000)
  region size 2048K, 2 young (4096K), 1 survivors (2048K)
 Metaspace       used 26379K, committed 26688K, reserved 1114112K
  class space    used 3342K, committed 3456K, reserved 1048576K
}
Event: 4.939 GC heap after
{Heap after GC invocations=16 (full 0):
 garbage-first heap   total 79872K, used 20137K [0x0000000700000000, 0x0000000800000000)
  region size 2048K, 1 young (2048K), 1 survivors (2048K)
 Metaspace       used 26379K, committed 26688K, reserved 1114112K
  class space    used 3342K, committed 3456K, reserved 1048576K
}
Event: 5.667 GC heap before
{Heap before GC invocations=16 (full 0):
 garbage-first heap   total 79872K, used 59049K [0x0000000700000000, 0x0000000800000000)
  region size 2048K, 20 young (40960K), 1 survivors (2048K)
 Metaspace       used 31553K, committed 31872K, reserved 1114112K
  class space    used 4241K, committed 4352K, reserved 1048576K
}
Event: 5.671 GC heap after
{Heap after GC invocations=17 (full 0):
 garbage-first heap   total 79872K, used 22478K [0x0000000700000000, 0x0000000800000000)
  region size 2048K, 2 young (4096K), 2 survivors (4096K)
 Metaspace       used 31553K, committed 31872K, reserved 1114112K
  class space    used 4241K, committed 4352K, reserved 1048576K
}
Event: 6.266 GC heap before
{Heap before GC invocations=17 (full 0):
 garbage-first heap   total 79872K, used 67534K [0x0000000700000000, 0x0000000800000000)
  region size 2048K, 19 young (38912K), 2 survivors (4096K)
 Metaspace       used 35366K, committed 35712K, reserved 1114112K
  class space    used 4844K, committed 4992K, reserved 1048576K
}
Event: 6.272 GC heap after
{Heap after GC invocations=18 (full 0):
 garbage-first heap   total 81920K, used 42030K [0x0000000700000000, 0x0000000800000000)
  region size 2048K, 3 young (6144K), 3 survivors (6144K)
 Metaspace       used 35366K, committed 35712K, reserved 1114112K
  class space    used 4844K, committed 4992K, reserved 1048576K
}
Event: 6.745 GC heap before
{Heap before GC invocations=18 (full 0):
 garbage-first heap   total 81920K, used 66606K [0x0000000700000000, 0x0000000800000000)
  region size 2048K, 15 young (30720K), 3 survivors (6144K)
 Metaspace       used 38782K, committed 39168K, reserved 1114112K
  class space    used 5389K, committed 5568K, reserved 1048576K
}
Event: 6.750 GC heap after
{Heap after GC invocations=19 (full 0):
 garbage-first heap   total 81920K, used 44239K [0x0000000700000000, 0x0000000800000000)
  region size 2048K, 1 young (2048K), 1 survivors (2048K)
 Metaspace       used 38782K, committed 39168K, reserved 1114112K
  class space    used 5389K, committed 5568K, reserved 1048576K
}
Event: 7.263 GC heap before
{Heap before GC invocations=19 (full 0):
 garbage-first heap   total 81920K, used 64719K [0x0000000700000000, 0x0000000800000000)
  region size 2048K, 12 young (24576K), 1 survivors (2048K)
 Metaspace       used 43760K, committed 44160K, reserved 1114112K
  class space    used 5956K, committed 6144K, reserved 1048576K
}
Event: 7.268 GC heap after
{Heap after GC invocations=20 (full 0):
 garbage-first heap   total 81920K, used 46933K [0x0000000700000000, 0x0000000800000000)
  region size 2048K, 2 young (4096K), 2 survivors (4096K)
 Metaspace       used 43760K, committed 44160K, reserved 1114112K
  class space    used 5956K, committed 6144K, reserved 1048576K
}

Dll operation events (3 events):
Event: 0.025 Loaded shared library C:\Program Files\Android\Android Studio\jbr\bin\java.dll
Event: 0.315 Loaded shared library C:\Program Files\Android\Android Studio\jbr\bin\zip.dll
Event: 0.995 Loaded shared library C:\Program Files\Android\Android Studio\jbr\bin\verify.dll

Deoptimization events (20 events):
Event: 6.994 Thread 0x000001901938f6f0 Uncommon trap: trap_request=0xffffffc6 fr.pc=0x0000019007c84b1c relative=0x00000000000001dc
Event: 6.994 Thread 0x000001901938f6f0 Uncommon trap: reason=bimorphic_or_optimized_type_check action=maybe_recompile pc=0x0000019007c84b1c method=java.util.regex.Pattern$BmpCharProperty.match(Ljava/util/regex/Matcher;ILjava/lang/CharSequence;)Z @ 19 c2
Event: 6.994 Thread 0x000001901938f6f0 DEOPT PACKING pc=0x0000019007c84b1c sp=0x0000006180cf6d10
Event: 6.994 Thread 0x000001901938f6f0 DEOPT UNPACKING pc=0x000001900758a1a3 sp=0x0000006180cf6ca8 mode 2
Event: 7.006 Thread 0x000001901938f6f0 Uncommon trap: trap_request=0xffffff45 fr.pc=0x0000019007b94114 relative=0x00000000000005f4
Event: 7.007 Thread 0x000001901938f6f0 Uncommon trap: reason=unstable_if action=reinterpret pc=0x0000019007b94114 method=java.util.Properties$LineReader.readLine()I @ 95 c2
Event: 7.007 Thread 0x000001901938f6f0 DEOPT PACKING pc=0x0000019007b94114 sp=0x0000006180cf7080
Event: 7.007 Thread 0x000001901938f6f0 DEOPT UNPACKING pc=0x000001900758a1a3 sp=0x0000006180cf7030 mode 2
Event: 7.198 Thread 0x000001901938f6f0 Uncommon trap: trap_request=0xffffff45 fr.pc=0x0000019007ba9e24 relative=0x0000000000000084
Event: 7.198 Thread 0x000001901938f6f0 Uncommon trap: reason=unstable_if action=reinterpret pc=0x0000019007ba9e24 method=jdk.internal.loader.URLClassPath$JarLoader.getResource(Ljava/lang/String;ZLjava/util/Set;)Ljdk/internal/loader/Resource; @ 17 c2
Event: 7.198 Thread 0x000001901938f6f0 DEOPT PACKING pc=0x0000019007ba9e24 sp=0x0000006180cf6060
Event: 7.198 Thread 0x000001901938f6f0 DEOPT UNPACKING pc=0x000001900758a1a3 sp=0x0000006180cf5fa8 mode 2
Event: 7.285 Thread 0x000001901938f6f0 Uncommon trap: trap_request=0xffffff45 fr.pc=0x0000019007ca7400 relative=0x0000000000005da0
Event: 7.285 Thread 0x000001901938f6f0 Uncommon trap: reason=unstable_if action=reinterpret pc=0x0000019007ca7400 method=java.lang.ClassLoader.getClassLoadingLock(Ljava/lang/String;)Ljava/lang/Object; @ 6 c2
Event: 7.285 Thread 0x000001901938f6f0 DEOPT PACKING pc=0x0000019007ca7400 sp=0x0000006180cf7040
Event: 7.285 Thread 0x000001901938f6f0 DEOPT UNPACKING pc=0x000001900758a1a3 sp=0x0000006180cf7050 mode 2
Event: 7.304 Thread 0x000001901938f6f0 Uncommon trap: trap_request=0xffffffc6 fr.pc=0x0000019007c71658 relative=0x0000000000004618
Event: 7.304 Thread 0x000001901938f6f0 Uncommon trap: reason=bimorphic_or_optimized_type_check action=maybe_recompile pc=0x0000019007c71658 method=java.net.URL.<init>(Ljava/net/URL;Ljava/lang/String;Ljava/net/URLStreamHandler;)V @ 504 c2
Event: 7.304 Thread 0x000001901938f6f0 DEOPT PACKING pc=0x0000019007c71658 sp=0x0000006180cf67a0
Event: 7.304 Thread 0x000001901938f6f0 DEOPT UNPACKING pc=0x000001900758a1a3 sp=0x0000006180cf6740 mode 2

Classes unloaded (0 events):
No events

Classes redefined (0 events):
No events

Internal exceptions (20 events):
Event: 6.139 Thread 0x000001901938f6f0 Exception <a 'java/lang/NoSuchMethodError'{0x0000000702cc2738}: 'java.lang.Object java.lang.invoke.DirectMethodHandle$Holder.newInvokeSpecial(java.lang.Object, java.lang.Object, java.lang.Object, java.lang.Object, java.lang.Object, java.lang.Object, java.lang.Object, java.lang.Object, java.lang.Object, java.lang.Object, java.lang.Object)'> (0x0000000702cc2738) 
thrown [s\src\hotspot\share\interpreter\linkResolver.cpp, line 771]
Event: 6.139 Thread 0x000001901938f6f0 Exception <a 'java/lang/NoSuchMethodError'{0x0000000702cc8518}: 'java.lang.Object java.lang.invoke.DirectMethodHandle$Holder.invokeSpecial(java.lang.Object, java.lang.Object, java.lang.Object, java.lang.Object, java.lang.Object, java.lang.Object, java.lang.Object, java.lang.Object, java.lang.Object, java.lang.Object, java.lang.Object, java.lang.Object)'> (0x0000000702cc8518) 
thrown [s\src\hotspot\share\interpreter\linkResolver.cpp, line 771]
Event: 6.139 Thread 0x000001901938f6f0 Exception <a 'java/lang/NoSuchMethodError'{0x0000000702ccde58}: 'java.lang.Object java.lang.invoke.Invokers$Holder.linkToTargetMethod(java.lang.Object, java.lang.Object, java.lang.Object, java.lang.Object, java.lang.Object, java.lang.Object, java.lang.Object, java.lang.Object, java.lang.Object, java.lang.Object, java.lang.Object)'> (0x0000000702ccde58) 
thrown [s\src\hotspot\share\interpreter\linkResolver.cpp, line 771]
Event: 6.227 Thread 0x000001901938f6f0 Implicit null exception at 0x0000019007b3fb10 to 0x0000019007b400a0
Event: 6.286 Thread 0x000001901938f6f0 Exception <a 'java/lang/NoSuchMethodError'{0x00000007ff92ce70}: 'java.lang.Object java.lang.invoke.DirectMethodHandle$Holder.newInvokeSpecial(java.lang.Object, java.lang.Object, int, int)'> (0x00000007ff92ce70) 
thrown [s\src\hotspot\share\interpreter\linkResolver.cpp, line 771]
Event: 6.611 Thread 0x000001901938f6f0 Exception <a 'java/lang/IncompatibleClassChangeError'{0x00000007034b0568}: Found class java.lang.Object, but interface was expected> (0x00000007034b0568) 
thrown [s\src\hotspot\share\interpreter\linkResolver.cpp, line 838]
Event: 6.645 Thread 0x000001901938f6f0 Exception <a 'java/lang/NoSuchMethodError'{0x000000070321faa8}: 'java.lang.Object java.lang.invoke.DirectMethodHandle$Holder.invokeVirtual(java.lang.Object, java.lang.Object, int)'> (0x000000070321faa8) 
thrown [s\src\hotspot\share\interpreter\linkResolver.cpp, line 771]
Event: 6.650 Thread 0x000001901938f6f0 Exception <a 'java/lang/NoSuchMethodError'{0x000000070324efa0}: 'void java.lang.invoke.DirectMethodHandle$Holder.invokeStatic(java.lang.Object, java.lang.Object, java.lang.Object, int)'> (0x000000070324efa0) 
thrown [s\src\hotspot\share\interpreter\linkResolver.cpp, line 771]
Event: 6.757 Thread 0x000001901938f6f0 Exception <a 'java/lang/NoSuchMethodError'{0x00000007ff841d50}: 'java.lang.Object java.lang.invoke.DirectMethodHandle$Holder.invokeSpecial(java.lang.Object, java.lang.Object, java.lang.Object, int, java.lang.Object, java.lang.Object)'> (0x00000007ff841d50) 
thrown [s\src\hotspot\share\interpreter\linkResolver.cpp, line 771]
Event: 6.881 Thread 0x000001901938f6f0 Exception <a 'java/lang/NoSuchMethodError'{0x0000000704091cf8}: 'void java.lang.invoke.DirectMethodHandle$Holder.invokeStaticInit(java.lang.Object, java.lang.Object, java.lang.Object)'> (0x0000000704091cf8) 
thrown [s\src\hotspot\share\interpreter\linkResolver.cpp, line 771]
Event: 6.882 Thread 0x000001901938f6f0 Exception <a 'java/lang/NoSuchMethodError'{0x0000000704099440}: 'void java.lang.invoke.DirectMethodHandle$Holder.invokeStaticInit(java.lang.Object, java.lang.Object, java.lang.Object, java.lang.Object)'> (0x0000000704099440) 
thrown [s\src\hotspot\share\interpreter\linkResolver.cpp, line 771]
Event: 6.886 Thread 0x000001901938f6f0 Exception <a 'java/lang/NoSuchMethodError'{0x00000007040bb970}: 'void java.lang.invoke.DirectMethodHandle$Holder.invokeStaticInit(java.lang.Object, java.lang.Object, java.lang.Object, java.lang.Object, java.lang.Object)'> (0x00000007040bb970) 
thrown [s\src\hotspot\share\interpreter\linkResolver.cpp, line 771]
Event: 6.899 Thread 0x000001901938f6f0 Exception <a 'java/lang/NoSuchMethodError'{0x0000000704116810}: 'int java.lang.invoke.DirectMethodHandle$Holder.invokeStaticInit(java.lang.Object, java.lang.Object, java.lang.Object, java.lang.Object)'> (0x0000000704116810) 
thrown [s\src\hotspot\share\interpreter\linkResolver.cpp, line 771]
Event: 7.199 Thread 0x000001901938f6f0 Exception <a 'java/lang/ClassNotFoundException'{0x000000070341ea08}: groovy/lang/ExpandoMetaClassBeanInfo> (0x000000070341ea08) 
thrown [s\src\hotspot\share\classfile\systemDictionary.cpp, line 256]
Event: 7.200 Thread 0x000001901938f6f0 Exception <a 'java/lang/ClassNotFoundException'{0x0000000703436758}: groovy/lang/MetaClassImplBeanInfo> (0x0000000703436758) 
thrown [s\src\hotspot\share\classfile\systemDictionary.cpp, line 256]
Event: 7.201 Thread 0x000001901938f6f0 Exception <a 'java/lang/ClassNotFoundException'{0x000000070343c330}: java/lang/ObjectBeanInfo> (0x000000070343c330) 
thrown [s\src\hotspot\share\classfile\systemDictionary.cpp, line 256]
Event: 7.202 Thread 0x000001901938f6f0 Exception <a 'java/lang/ClassNotFoundException'{0x0000000703443140}: java/lang/ObjectCustomizer> (0x0000000703443140) 
thrown [s\src\hotspot\share\classfile\systemDictionary.cpp, line 256]
Event: 7.207 Thread 0x000001901938f6f0 Exception <a 'java/lang/IncompatibleClassChangeError'{0x0000000703452e18}: Found class java.lang.Object, but interface was expected> (0x0000000703452e18) 
thrown [s\src\hotspot\share\interpreter\linkResolver.cpp, line 838]
Event: 7.212 Thread 0x000001901938f6f0 Exception <a 'java/lang/ClassNotFoundException'{0x0000000703479bd0}: groovy/lang/MetaClassImplCustomizer> (0x0000000703479bd0) 
thrown [s\src\hotspot\share\classfile\systemDictionary.cpp, line 256]
Event: 7.215 Thread 0x000001901938f6f0 Exception <a 'java/lang/ClassNotFoundException'{0x00000007034b0f78}: groovy/lang/ExpandoMetaClassCustomizer> (0x00000007034b0f78) 
thrown [s\src\hotspot\share\classfile\systemDictionary.cpp, line 256]

VM Operations (20 events):
Event: 6.841 Executing VM operation: HandshakeAllThreads
Event: 6.841 Executing VM operation: HandshakeAllThreads done
Event: 7.030 Executing VM operation: HandshakeAllThreads
Event: 7.030 Executing VM operation: HandshakeAllThreads done
Event: 7.160 Executing VM operation: HandshakeAllThreads
Event: 7.160 Executing VM operation: HandshakeAllThreads done
Event: 7.263 Executing VM operation: G1CollectForAllocation
Event: 7.268 Executing VM operation: G1CollectForAllocation done
Event: 7.295 Executing VM operation: CollectForMetadataAllocation
Event: 7.295 Executing VM operation: CollectForMetadataAllocation done
Event: 7.297 Executing VM operation: G1PauseRemark
Event: 7.300 Executing VM operation: G1PauseRemark done
Event: 7.305 Executing VM operation: HandshakeAllThreads
Event: 7.305 Executing VM operation: HandshakeAllThreads done
Event: 7.305 Executing VM operation: HandshakeAllThreads
Event: 7.305 Executing VM operation: HandshakeAllThreads done
Event: 7.311 Executing VM operation: HandshakeAllThreads
Event: 7.311 Executing VM operation: HandshakeAllThreads done
Event: 7.312 Executing VM operation: G1PauseCleanup
Event: 7.312 Executing VM operation: G1PauseCleanup done

Events (20 events):
Event: 7.326 loading class java/nio/file/AccessDeniedException
Event: 7.326 loading class java/nio/file/AccessDeniedException done
Event: 7.326 loading class java/nio/file/InvalidPathException
Event: 7.326 loading class java/nio/file/InvalidPathException done
Event: 7.327 loading class java/nio/file/attribute/PosixFileAttributeView
Event: 7.327 loading class java/nio/file/attribute/PosixFileAttributeView done
Event: 7.327 loading class sun/nio/fs/WindowsSecurityDescriptor
Event: 7.328 loading class sun/nio/fs/WindowsSecurityDescriptor done
Event: 7.328 loading class sun/nio/fs/WindowsChannelFactory$2
Event: 7.328 loading class sun/nio/fs/WindowsChannelFactory$2 done
Event: 7.352 loading class java/nio/file/SimpleFileVisitor
Event: 7.352 loading class java/nio/file/SimpleFileVisitor done
Event: 7.354 loading class java/time/DateTimeException
Event: 7.354 loading class java/time/DateTimeException done
Event: 7.354 loading class java/util/regex/PatternSyntaxException
Event: 7.354 loading class java/util/regex/PatternSyntaxException done
Event: 7.355 loading class java/nio/file/ClosedDirectoryStreamException
Event: 7.355 loading class java/nio/file/ClosedDirectoryStreamException done
Event: 7.355 loading class java/nio/file/DirectoryIteratorException
Event: 7.355 loading class java/nio/file/DirectoryIteratorException done


Dynamic libraries:
0x00007ff75e6d0000 - 0x00007ff75e6da000 	C:\Program Files\Android\Android Studio\jbr\bin\java.exe
0x00007ffffc410000 - 0x00007ffffc627000 	C:\Windows\SYSTEM32\ntdll.dll
0x00007ffffb7d0000 - 0x00007ffffb894000 	C:\Windows\System32\KERNEL32.DLL
0x00007ffff96e0000 - 0x00007ffff9a9a000 	C:\Windows\System32\KERNELBASE.dll
0x00007ffff9be0000 - 0x00007ffff9cf1000 	C:\Windows\System32\ucrtbase.dll
0x00007fffda3f0000 - 0x00007fffda40b000 	C:\Program Files\Android\Android Studio\jbr\bin\VCRUNTIME140.dll
0x00007fffd6b80000 - 0x00007fffd6b97000 	C:\Program Files\Android\Android Studio\jbr\bin\jli.dll
0x00007ffffb9a0000 - 0x00007ffffbb4e000 	C:\Windows\System32\USER32.dll
0x00007fffdc460000 - 0x00007fffdc6f2000 	C:\Windows\WinSxS\amd64_microsoft.windows.common-controls_6595b64144ccf1df_6.0.22621.4541_none_2710d1c57384c085\COMCTL32.dll
0x00007ffff9f40000 - 0x00007ffff9f66000 	C:\Windows\System32\win32u.dll
0x00007ffffc2a0000 - 0x00007ffffc2c9000 	C:\Windows\System32\GDI32.dll
0x00007ffff9ff0000 - 0x00007ffffa10b000 	C:\Windows\System32\gdi32full.dll
0x00007ffff9d00000 - 0x00007ffff9d9a000 	C:\Windows\System32\msvcp_win.dll
0x00007ffffa620000 - 0x00007ffffa6c7000 	C:\Windows\System32\msvcrt.dll
0x00007ffffc2d0000 - 0x00007ffffc301000 	C:\Windows\System32\IMM32.DLL
0x00007fffea570000 - 0x00007fffea57c000 	C:\Program Files\Android\Android Studio\jbr\bin\vcruntime140_1.dll
0x00007fff72fe0000 - 0x00007fff7306d000 	C:\Program Files\Android\Android Studio\jbr\bin\msvcp140.dll
0x00007fff6bcc0000 - 0x00007fff6c943000 	C:\Program Files\Android\Android Studio\jbr\bin\server\jvm.dll
0x00007ffffc310000 - 0x00007ffffc3c2000 	C:\Windows\System32\ADVAPI32.dll
0x00007ffffc1f0000 - 0x00007ffffc297000 	C:\Windows\System32\sechost.dll
0x00007ffff9da0000 - 0x00007ffff9dc8000 	C:\Windows\System32\bcrypt.dll
0x00007ffffb250000 - 0x00007ffffb364000 	C:\Windows\System32\RPCRT4.dll
0x00007ffff8f80000 - 0x00007ffff8fcd000 	C:\Windows\SYSTEM32\POWRPROF.dll
0x00007ffff42d0000 - 0x00007ffff4304000 	C:\Windows\SYSTEM32\WINMM.dll
0x00007ffff3760000 - 0x00007ffff376a000 	C:\Windows\SYSTEM32\VERSION.dll
0x00007fffd6df0000 - 0x00007fffd6df9000 	C:\Windows\SYSTEM32\WSOCK32.dll
0x00007ffffc010000 - 0x00007ffffc081000 	C:\Windows\System32\WS2_32.dll
0x00007ffff8f60000 - 0x00007ffff8f73000 	C:\Windows\SYSTEM32\UMPDC.dll
0x00007ffff86e0000 - 0x00007ffff86f8000 	C:\Windows\SYSTEM32\kernel.appcore.dll
0x00007ffff3500000 - 0x00007ffff350a000 	C:\Program Files\Android\Android Studio\jbr\bin\jimage.dll
0x00007ffff6ec0000 - 0x00007ffff70f2000 	C:\Windows\SYSTEM32\DBGHELP.DLL
0x00007ffffbbd0000 - 0x00007ffffbf5f000 	C:\Windows\System32\combase.dll
0x00007ffffc0a0000 - 0x00007ffffc177000 	C:\Windows\System32\OLEAUT32.dll
0x00007fffd68e0000 - 0x00007fffd6912000 	C:\Windows\SYSTEM32\dbgcore.DLL
0x00007ffff9b60000 - 0x00007ffff9bdb000 	C:\Windows\System32\bcryptPrimitives.dll
0x00007fffee9e0000 - 0x00007fffee9ee000 	C:\Program Files\Android\Android Studio\jbr\bin\instrument.dll
0x00007fffd7460000 - 0x00007fffd7485000 	C:\Program Files\Android\Android Studio\jbr\bin\java.dll
0x00007fffea4c0000 - 0x00007fffea4d8000 	C:\Program Files\Android\Android Studio\jbr\bin\zip.dll
0x00007ffffa7a0000 - 0x00007ffffb018000 	C:\Windows\System32\SHELL32.dll
0x00007ffff75d0000 - 0x00007ffff7ed8000 	C:\Windows\SYSTEM32\windows.storage.dll
0x00007ffff7490000 - 0x00007ffff75cf000 	C:\Windows\SYSTEM32\wintypes.dll
0x00007ffffb8a0000 - 0x00007ffffb99a000 	C:\Windows\System32\SHCORE.dll
0x00007ffffa6d0000 - 0x00007ffffa72e000 	C:\Windows\System32\shlwapi.dll
0x00007ffff9610000 - 0x00007ffff963b000 	C:\Windows\SYSTEM32\profapi.dll
0x00007fffda360000 - 0x00007fffda379000 	C:\Program Files\Android\Android Studio\jbr\bin\net.dll
0x00007ffff5940000 - 0x00007ffff5a76000 	C:\Windows\SYSTEM32\WINHTTP.dll
0x00007ffff8b50000 - 0x00007ffff8bb9000 	C:\Windows\system32\mswsock.dll
0x00007fffd8af0000 - 0x00007fffd8b06000 	C:\Program Files\Android\Android Studio\jbr\bin\nio.dll
0x00007fffeea80000 - 0x00007fffeea90000 	C:\Program Files\Android\Android Studio\jbr\bin\verify.dll
0x00007fffc0d30000 - 0x00007fffc0d57000 	C:\Users\HP\.gradle\native\c067742578af261105cb4f569cf0c3c89f3d7b1fecec35dd04571415982c5e48\windows-amd64\native-platform.dll
0x00007fff60de0000 - 0x00007fff60f24000 	C:\Users\HP\.gradle\native\38dada09dfb8b06ba9b0570ebf7e218e3eb74d4ef43ca46872605cf95ebc2f47\windows-amd64\native-platform-file-events.dll
0x00007ffff16c0000 - 0x00007ffff16c9000 	C:\Program Files\Android\Android Studio\jbr\bin\management.dll
0x00007ffff0550000 - 0x00007ffff055b000 	C:\Program Files\Android\Android Studio\jbr\bin\management_ext.dll
0x00007ffffb370000 - 0x00007ffffb378000 	C:\Windows\System32\PSAPI.DLL
0x00007ffff8f10000 - 0x00007ffff8f2b000 	C:\Windows\SYSTEM32\CRYPTSP.dll
0x00007ffff8640000 - 0x00007ffff8675000 	C:\Windows\system32\rsaenh.dll
0x00007ffff8bf0000 - 0x00007ffff8c18000 	C:\Windows\SYSTEM32\USERENV.dll
0x00007ffff8e80000 - 0x00007ffff8e8c000 	C:\Windows\SYSTEM32\CRYPTBASE.dll
0x00007ffff8180000 - 0x00007ffff81ad000 	C:\Windows\SYSTEM32\IPHLPAPI.DLL
0x00007ffffb240000 - 0x00007ffffb249000 	C:\Windows\System32\NSI.dll
0x00007ffff42b0000 - 0x00007ffff42c9000 	C:\Windows\SYSTEM32\dhcpcsvc6.DLL
0x00007ffff4100000 - 0x00007ffff411f000 	C:\Windows\SYSTEM32\dhcpcsvc.DLL
0x00007ffff81b0000 - 0x00007ffff82b2000 	C:\Windows\SYSTEM32\DNSAPI.dll
0x00007ffff16e0000 - 0x00007ffff16e9000 	C:\Program Files\Android\Android Studio\jbr\bin\extnet.dll
0x00007fff72f40000 - 0x00007fff72f48000 	C:\Windows\system32\wshunix.dll

dbghelp: loaded successfully - version: 4.0.5 - missing functions: none
symbol engine: initialized successfully - sym options: 0x614 - pdb path: .;C:\Program Files\Android\Android Studio\jbr\bin;C:\Windows\SYSTEM32;C:\Windows\WinSxS\amd64_microsoft.windows.common-controls_6595b64144ccf1df_6.0.22621.4541_none_2710d1c57384c085;C:\Program Files\Android\Android Studio\jbr\bin\server;C:\Users\HP\.gradle\native\c067742578af261105cb4f569cf0c3c89f3d7b1fecec35dd04571415982c5e48\windows-amd64;C:\Users\HP\.gradle\native\38dada09dfb8b06ba9b0570ebf7e218e3eb74d4ef43ca46872605cf95ebc2f47\windows-amd64

VM Arguments:
jvm_args: -XX:MaxHeapFreeRatio=20 -XX:MinHeapFreeRatio=10 --add-opens=java.base/java.util=ALL-UNNAMED --add-opens=java.base/java.lang=ALL-UNNAMED --add-opens=java.base/java.lang.invoke=ALL-UNNAMED --add-opens=java.prefs/java.util.prefs=ALL-UNNAMED --add-opens=java.base/java.nio.charset=ALL-UNNAMED --add-opens=java.base/java.net=ALL-UNNAMED --add-opens=java.base/java.util.concurrent.atomic=ALL-UNNAMED -Xmx4g -Dfile.encoding=UTF-8 -Duser.country=US -Duser.language=en -Duser.variant -javaagent:C:\Users\HP\.gradle\wrapper\dists\gradle-8.7-bin\bhs2wmbdwecv87pi65oeuq5iu\gradle-8.7\lib\agents\gradle-instrumentation-agent-8.7.jar 
java_command: org.gradle.launcher.daemon.bootstrap.GradleDaemon 8.7
java_class_path (initial): C:\Users\HP\.gradle\wrapper\dists\gradle-8.7-bin\bhs2wmbdwecv87pi65oeuq5iu\gradle-8.7\lib\gradle-launcher-8.7.jar
Launcher Type: SUN_STANDARD

[Global flags]
     intx CICompilerCount                          = 4                                         {product} {ergonomic}
     uint ConcGCThreads                            = 2                                         {product} {ergonomic}
     uint G1ConcRefinementThreads                  = 8                                         {product} {ergonomic}
   size_t G1HeapRegionSize                         = 2097152                                   {product} {ergonomic}
    uintx GCDrainStackTargetSize                   = 64                                        {product} {ergonomic}
   size_t InitialHeapSize                          = 130023424                                 {product} {ergonomic}
   size_t MarkStackSize                            = 4194304                                   {product} {ergonomic}
    uintx MaxHeapFreeRatio                         = 20                                     {manageable} {command line}
   size_t MaxHeapSize                              = 4294967296                                {product} {command line}
   size_t MaxNewSize                               = 2575302656                                {product} {ergonomic}
   size_t MinHeapDeltaBytes                        = 2097152                                   {product} {ergonomic}
    uintx MinHeapFreeRatio                         = 10                                     {manageable} {command line}
   size_t MinHeapSize                              = 8388608                                   {product} {ergonomic}
    uintx NonNMethodCodeHeapSize                   = 5839372                                {pd product} {ergonomic}
    uintx NonProfiledCodeHeapSize                  = 122909434                              {pd product} {ergonomic}
    uintx ProfiledCodeHeapSize                     = 122909434                              {pd product} {ergonomic}
    uintx ReservedCodeCacheSize                    = 251658240                              {pd product} {ergonomic}
     bool SegmentedCodeCache                       = true                                      {product} {ergonomic}
   size_t SoftMaxHeapSize                          = 4294967296                             {manageable} {ergonomic}
     bool UseCompressedClassPointers               = true                           {product lp64_product} {ergonomic}
     bool UseCompressedOops                        = true                           {product lp64_product} {ergonomic}
     bool UseG1GC                                  = true                                      {product} {ergonomic}
     bool UseLargePagesIndividualAllocation        = false                                  {pd product} {ergonomic}

Logging:
Log output configuration:
 #0: stdout all=warning uptime,level,tags
 #1: stderr all=off uptime,level,tags

Environment Variables:
PATH=C:\Program Files\Common Files\Oracle\Java\javapath;C:\Windows\system32;C:\Windows;C:\Windows\System32\Wbem;C:\Windows\System32\WindowsPowerShell\v1.0\;C:\Windows\System32\OpenSSH\;C:\Program Files\dotnet\;C:\Program Files\nodejs\;C:\Program Files\Common Files\Autodesk Shared\;C:\Program Files\Git\cmd;C:\Users\HP\AppData\Local\Programs\Python\Launcher\;C:\Users\HP\AppData\Local\Microsoft\WindowsApps;C:\Users\HP\AppData\Local\Programs\Microsoft VS Code\bin;C:\Users\HP\AppData\Local\gitkraken\bin;C:\Users\HP\AppData\Local\GitHubDesktop\bin;C:\Users\HP\AppData\Roaming\npm;C:\src\flutter\bin;
USERNAME=HP
OS=Windows_NT
PROCESSOR_IDENTIFIER=Intel64 Family 6 Model 140 Stepping 1, GenuineIntel
TMP=C:\Users\HP\AppData\Local\Temp
TEMP=C:\Users\HP\AppData\Local\Temp



Periodic native trim disabled

JNI global refs:
JNI global refs: 25, weak refs: 0

JNI global refs memory usage: 843, weak refs: 841

Process memory usage:
Resident Set Size: 215172K (2% of 8123000K total physical memory with 356276K free physical memory)

OOME stack traces (most recent first):
Classloader memory used:
Loader org.gradle.internal.classloader.VisitableURLClassLoader                         : 2537K
Loader bootstrap                                                                       : 2327K
Loader org.gradle.initialization.MixInLegacyTypesClassLoader                           : 513K
Loader org.gradle.internal.classloader.VisitableURLClassLoader                         : 88249B
Loader jdk.internal.loader.ClassLoaders$PlatformClassLoader                            : 65052B
Loader jdk.internal.loader.ClassLoaders$AppClassLoader                                 : 28714B
Loader jdk.internal.reflect.DelegatingClassLoader                                      : 24018B
Loader org.gradle.groovy.scripts.internal.DefaultScriptCompilationHandler$ScriptClassLoader: 771B

Classes loaded by more than one classloader:
Class org.gradle.api.GradleException                                                  : loaded 3 times (x 80B)
Class org.gradle.util.GradleVersion                                                   : loaded 2 times (x 81B)
Class org.gradle.internal.classpath.ClassPath                                         : loaded 2 times (x 68B)
Class org.gradle.api.internal.classpath.DefaultModuleRegistry                         : loaded 2 times (x 84B)
Class org.gradle.internal.exceptions.NonGradleCauseExceptionsHolder                   : loaded 2 times (x 68B)
Class org.gradle.api.Action                                                           : loaded 2 times (x 68B)
Class org.gradle.api.internal.DefaultClassPathProvider                                : loaded 2 times (x 74B)
Class org.gradle.internal.installation.GradleInstallation$1                           : loaded 2 times (x 73B)
Class org.gradle.internal.exceptions.DefaultMultiCauseException                       : loaded 2 times (x 93B)
Class org.gradle.internal.time.MonotonicClock                                         : loaded 2 times (x 75B)
Class org.gradle.internal.classloader.FilteringClassLoader                            : loaded 2 times (x 103B)
Class org.gradle.internal.classpath.DefaultClassPath$ImmutableUniqueList$Builder      : loaded 2 times (x 73B)
Class kotlin.UninitializedPropertyAccessException                                     : loaded 2 times (x 80B)
Class org.gradle.internal.classloader.ClassLoaderVisitor                              : loaded 2 times (x 74B)
Class org.gradle.internal.time.DefaultCountdownTimer                                  : loaded 2 times (x 86B)
Class org.gradle.internal.service.DefaultServiceLocator                               : loaded 2 times (x 81B)
Class org.gradle.internal.service.UnknownServiceException                             : loaded 2 times (x 81B)
Class org.gradle.internal.classloader.DefaultClassLoaderFactory                       : loaded 2 times (x 80B)
Class org.gradle.internal.classloader.VisitableURLClassLoader$Spec                    : loaded 2 times (x 72B)
Class org.gradle.tooling.model.ProjectModel                                           : loaded 2 times (x 68B)
Class org.gradle.internal.installation.GradleInstallation                             : loaded 2 times (x 73B)
Class org.gradle.api.internal.classpath.ModuleRegistry                                : loaded 2 times (x 68B)
Class org.gradle.api.internal.ClassPathProvider                                       : loaded 2 times (x 68B)
Class org.gradle.internal.classloader.ClasspathUtil$1                                 : loaded 2 times (x 74B)
Class org.gradle.internal.classloader.ClassLoaderFactory                              : loaded 2 times (x 68B)
Class org.gradle.api.internal.classpath.ManifestUtil                                  : loaded 2 times (x 69B)
Class org.gradle.api.specs.Spec                                                       : loaded 2 times (x 68B)
Class kotlin.jvm.internal.Intrinsics                                                  : loaded 2 times (x 69B)
Class org.gradle.internal.IoActions                                                   : loaded 2 times (x 69B)
Class org.gradle.api.internal.classpath.EffectiveClassPath                            : loaded 2 times (x 88B)
Class org.gradle.internal.exceptions.ResolutionProvider                               : loaded 2 times (x 68B)
Class org.gradle.internal.installation.CurrentGradleInstallation                      : loaded 2 times (x 71B)
Class org.gradle.internal.agents.InstrumentingClassLoader                             : loaded 2 times (x 68B)
Class org.gradle.internal.installation.CurrentGradleInstallationLocator               : loaded 2 times (x 69B)
Class org.gradle.api.internal.classpath.Module                                        : loaded 2 times (x 68B)
Class org.gradle.internal.service.CachingServiceLocator                               : loaded 2 times (x 80B)
Class org.gradle.internal.time.Timer                                                  : loaded 2 times (x 68B)
Class org.gradle.internal.classpath.DefaultClassPath                                  : loaded 2 times (x 88B)
Class org.gradle.internal.time.Time                                                   : loaded 2 times (x 69B)
Class org.gradle.internal.time.TimeSource$1                                           : loaded 2 times (x 75B)
Class kotlin.KotlinNullPointerException                                               : loaded 2 times (x 81B)
Class org.gradle.internal.classloader.SystemClassLoaderSpec                           : loaded 2 times (x 69B)
Class kotlin.Function                                                                 : loaded 2 times (x 68B)
Class org.gradle.api.UncheckedIOException                                             : loaded 2 times (x 80B)
Class org.gradle.internal.time.CountdownTimer                                         : loaded 2 times (x 68B)
Class org.gradle.internal.time.Clock                                                  : loaded 2 times (x 68B)
Class org.gradle.internal.classloader.ClasspathUtil                                   : loaded 2 times (x 69B)
Class org.gradle.api.internal.DefaultClassPathRegistry                                : loaded 2 times (x 74B)
Class org.gradle.api.internal.classpath.DefaultModuleRegistry$DefaultModule           : loaded 2 times (x 84B)
Class org.gradle.internal.time.TimeSource                                             : loaded 2 times (x 68B)
Class org.gradle.api.internal.classpath.UnknownModuleException                        : loaded 2 times (x 80B)
Class org.gradle.internal.service.ServiceLookupException                              : loaded 2 times (x 80B)
Class org.gradle.cache.GlobalCache                                                    : loaded 2 times (x 68B)
Class [Lorg.gradle.api.internal.ClassPathProvider;                                    : loaded 2 times (x 67B)
Class org.gradle.internal.operations.MultipleBuildOperationFailures                   : loaded 2 times (x 93B)
Class org.gradle.util.internal.GUtil                                                  : loaded 2 times (x 69B)
Class org.gradle.internal.classloader.ClassLoaderSpec                                 : loaded 2 times (x 69B)
Class org.gradle.internal.classloader.VisitableURLClassLoader                         : loaded 2 times (x 115B)
Class org.gradle.internal.Cast                                                        : loaded 2 times (x 69B)
Class org.gradle.api.internal.ClassPathRegistry                                       : loaded 2 times (x 68B)
Class org.gradle.internal.classloader.VisitableURLClassLoader$InstrumentingVisitableURLClassLoader: loaded 2 times (x 121B)
Class org.gradle.internal.classloader.ClassLoaderHierarchy                            : loaded 2 times (x 68B)
Class org.gradle.internal.exceptions.MultiCauseException                              : loaded 2 times (x 68B)
Class org.gradle.internal.InternalTransformer                                         : loaded 2 times (x 68B)
Class org.gradle.internal.service.ServiceLocator                                      : loaded 2 times (x 68B)
Class org.gradle.internal.classpath.DefaultClassPath$ImmutableUniqueList              : loaded 2 times (x 159B)
Class org.gradle.internal.time.DefaultTimer                                           : loaded 2 times (x 78B)
Class org.gradle.internal.classpath.TransformedClassPath                              : loaded 2 times (x 94B)


---------------  S Y S T E M  ---------------

OS:
 Windows 11 , 64 bit Build 22621 (10.0.22621.4391)
OS uptime: 6 days 12:25 hours
Hyper-V role detected

CPU: total 8 (initial active 8) (4 cores per cpu, 2 threads per core) family 6 model 140 stepping 1 microcode 0xac, cx8, cmov, fxsr, ht, mmx, 3dnowpref, sse, sse2, sse3, ssse3, sse4.1, sse4.2, popcnt, lzcnt, tsc, tscinvbit, avx, avx2, aes, erms, clmul, bmi1, bmi2, adx, avx512f, avx512dq, avx512cd, avx512bw, avx512vl, sha, fma, vzeroupper, avx512_vpopcntdq, avx512_vpclmulqdq, avx512_vaes, avx512_vnni, clflush, clflushopt, clwb, avx512_vbmi2, avx512_vbmi, hv
Processor Information for all 8 processors :
  Max Mhz: 2803, Current Mhz: 2803, Mhz Limit: 2803

Memory: 4k page, system-wide physical 7932M (348M free)
TotalPageFile size 24921M (AvailPageFile size 23M)
current process WorkingSet (physical memory assigned to process): 210M, peak: 230M
current process commit charge ("private bytes"): 246M, peak: 268M

vm_info: OpenJDK 64-Bit Server VM (17.0.11+0--11852314) for windows-amd64 JRE (17.0.11+0--11852314), built on May 16 2024 21:29:20 by "androidbuild" with MS VC++ 16.10 / 16.11 (VS2019)

END.
